<?xml version="1.0" encoding="UTF-8"?>
<!-- Generated by org.testng.reporters.JUnitXMLReporter -->
<testsuite ignored="0" hostname="DESKTOP-H3JKPEC" failures="0" tests="3" name="Default test" time="6.345" errors="0" timestamp="2022-06-25T23:18:18 EDT">
  <testcase classname="testNGtest.GoogleTest" name="facebookLogoTest" time="0.067"/>
  <testcase classname="testNGtest.GoogleTest" name="facebookTitleTest" time="0.008"/>
  <testcase classname="testNGtest.GoogleTest" name="login" time="0.074"/>
</testsuite> <!-- Default test -->
