<?xml version="1.0" encoding="UTF-8"?>
<!-- Generated by org.testng.reporters.JUnitXMLReporter -->
<testsuite ignored="0" hostname="DESKTOP-H3JKPEC" failures="0" tests="4" name="Test" time="7.41" errors="0" timestamp="2022-06-26T19:19:24 EDT">
  <testcase classname="testNGtest.TestNgBasic" name="googleLogoTest" time="0.004"/>
  <testcase classname="testNGtest.GoogleTest" name="facebookLogoTest" time="0.058"/>
  <testcase classname="testNGtest.GoogleTest" name="facebookTitleTest" time="0.008"/>
  <testcase classname="testNGtest.GoogleTest" name="login" time="0.08"/>
</testsuite> <!-- Test -->
