<?xml version="1.0" encoding="UTF-8"?>
<testng-results ignored="0" total="4" passed="4" failed="0" skipped="0">
  <reporter-output>
  </reporter-output>
  <suite started-at="2022-06-26T19:19:16 EDT" name="Suite" finished-at="2022-06-26T19:19:24 EDT" duration-ms="7410">
    <groups>
    </groups>
    <test started-at="2022-06-26T19:19:16 EDT" name="Test" finished-at="2022-06-26T19:19:24 EDT" duration-ms="7410">
      <class name="testNGtest.TestNgBasic">
        <test-method is-config="true" signature="setUp()[pri:0, instance:testNGtest.TestNgBasic@223aa2f7]" started-at="2022-06-26T19:19:16 EDT" name="setUp" finished-at="2022-06-26T19:19:16 EDT" duration-ms="5" status="PASS">
          <reporter-output>
          </reporter-output>
        </test-method> <!-- setUp -->
        <test-method is-config="true" signature="launchBrowser()[pri:0, instance:testNGtest.TestNgBasic@223aa2f7]" started-at="2022-06-26T19:19:16 EDT" name="launchBrowser" finished-at="2022-06-26T19:19:16 EDT" duration-ms="0" status="PASS">
          <reporter-output>
          </reporter-output>
        </test-method> <!-- launchBrowser -->
        <test-method is-config="true" signature="enterUrl()[pri:0, instance:testNGtest.TestNgBasic@223aa2f7]" started-at="2022-06-26T19:19:16 EDT" name="enterUrl" finished-at="2022-06-26T19:19:16 EDT" duration-ms="0" status="PASS">
          <reporter-output>
          </reporter-output>
        </test-method> <!-- enterUrl -->
        <test-method signature="googleLogoTest()[pri:0, instance:testNGtest.TestNgBasic@223aa2f7]" started-at="2022-06-26T19:19:16 EDT" name="googleLogoTest" finished-at="2022-06-26T19:19:16 EDT" duration-ms="4" status="PASS">
          <reporter-output>
          </reporter-output>
        </test-method> <!-- googleLogoTest -->
        <test-method is-config="true" signature="logOut()[pri:0, instance:testNGtest.TestNgBasic@223aa2f7]" started-at="2022-06-26T19:19:16 EDT" name="logOut" finished-at="2022-06-26T19:19:16 EDT" duration-ms="0" status="PASS">
          <reporter-output>
          </reporter-output>
        </test-method> <!-- logOut -->
        <test-method is-config="true" signature="closeBrowser()[pri:0, instance:testNGtest.TestNgBasic@223aa2f7]" started-at="2022-06-26T19:19:16 EDT" name="closeBrowser" finished-at="2022-06-26T19:19:16 EDT" duration-ms="0" status="PASS">
          <reporter-output>
          </reporter-output>
        </test-method> <!-- closeBrowser -->
        <test-method is-config="true" signature="clearCookies()[pri:0, instance:testNGtest.TestNgBasic@223aa2f7]" started-at="2022-06-26T19:19:24 EDT" name="clearCookies" finished-at="2022-06-26T19:19:24 EDT" duration-ms="0" status="PASS">
          <reporter-output>
          </reporter-output>
        </test-method> <!-- clearCookies -->
        <test-method is-config="true" signature="generateReport()[pri:0, instance:testNGtest.TestNgBasic@223aa2f7]" started-at="2022-06-26T19:19:24 EDT" name="generateReport" finished-at="2022-06-26T19:19:24 EDT" duration-ms="0" status="PASS">
          <reporter-output>
          </reporter-output>
        </test-method> <!-- generateReport -->
      </class> <!-- testNGtest.TestNgBasic -->
      <class name="testNGtest.GoogleTest">
        <test-method is-config="true" signature="setup()[pri:0, instance:testNGtest.GoogleTest@29d89d5d]" started-at="2022-06-26T19:19:16 EDT" name="setup" finished-at="2022-06-26T19:19:20 EDT" duration-ms="3274" status="PASS">
          <reporter-output>
          </reporter-output>
        </test-method> <!-- setup -->
        <test-method signature="facebookLogoTest()[pri:0, instance:testNGtest.GoogleTest@29d89d5d]" started-at="2022-06-26T19:19:20 EDT" name="facebookLogoTest" finished-at="2022-06-26T19:19:20 EDT" duration-ms="58" status="PASS">
          <reporter-output>
          </reporter-output>
        </test-method> <!-- facebookLogoTest -->
        <test-method is-config="true" signature="tearDown()[pri:0, instance:testNGtest.GoogleTest@29d89d5d]" started-at="2022-06-26T19:19:20 EDT" name="tearDown" finished-at="2022-06-26T19:19:20 EDT" duration-ms="220" status="PASS">
          <reporter-output>
          </reporter-output>
        </test-method> <!-- tearDown -->
        <test-method is-config="true" signature="setup()[pri:0, instance:testNGtest.GoogleTest@29d89d5d]" started-at="2022-06-26T19:19:20 EDT" name="setup" finished-at="2022-06-26T19:19:22 EDT" duration-ms="1653" status="PASS">
          <reporter-output>
          </reporter-output>
        </test-method> <!-- setup -->
        <test-method signature="facebookTitleTest()[pri:0, instance:testNGtest.GoogleTest@29d89d5d]" started-at="2022-06-26T19:19:22 EDT" name="facebookTitleTest" finished-at="2022-06-26T19:19:22 EDT" duration-ms="8" status="PASS">
          <reporter-output>
          </reporter-output>
        </test-method> <!-- facebookTitleTest -->
        <test-method is-config="true" signature="tearDown()[pri:0, instance:testNGtest.GoogleTest@29d89d5d]" started-at="2022-06-26T19:19:22 EDT" name="tearDown" finished-at="2022-06-26T19:19:22 EDT" duration-ms="155" status="PASS">
          <reporter-output>
          </reporter-output>
        </test-method> <!-- tearDown -->
        <test-method is-config="true" signature="setup()[pri:0, instance:testNGtest.GoogleTest@29d89d5d]" started-at="2022-06-26T19:19:22 EDT" name="setup" finished-at="2022-06-26T19:19:24 EDT" duration-ms="1741" status="PASS">
          <reporter-output>
          </reporter-output>
        </test-method> <!-- setup -->
        <test-method signature="login()[pri:0, instance:testNGtest.GoogleTest@29d89d5d]" started-at="2022-06-26T19:19:24 EDT" name="login" finished-at="2022-06-26T19:19:24 EDT" duration-ms="80" status="PASS">
          <reporter-output>
          </reporter-output>
        </test-method> <!-- login -->
        <test-method is-config="true" signature="tearDown()[pri:0, instance:testNGtest.GoogleTest@29d89d5d]" started-at="2022-06-26T19:19:24 EDT" name="tearDown" finished-at="2022-06-26T19:19:24 EDT" duration-ms="183" status="PASS">
          <reporter-output>
          </reporter-output>
        </test-method> <!-- tearDown -->
      </class> <!-- testNGtest.GoogleTest -->
    </test> <!-- Test -->
  </suite> <!-- Suite -->
</testng-results>
